Parameter 's' changed from '' to 'train50k.zh.vcb'
Parameter 't' changed from '' to 'train50k.en.vcb'
Parameter 'c' changed from '' to 'train50k.zh_train50k.en.snt'
Parameter 'coocurrencefile' changed from '' to 'train50k.zh_train50k.en.cooc'
general parameters:
-------------------
ml = 101  (maximum sentence length)

No. of iterations:
-------------------
hmmiterations = 5  (mh)
model1iterations = 5  (number of iterations for Model 1)
model2iterations = 0  (number of iterations for Model 2)
model3iterations = 5  (number of iterations for Model 3)
model4iterations = 5  (number of iterations for Model 4)
model5iterations = 0  (number of iterations for Model 5)
model6iterations = 0  (number of iterations for Model 6)

parameter for various heuristics in GIZA++ for efficient training:
------------------------------------------------------------------
countincreasecutoff = 1e-06  (Counts increment cutoff threshold)
countincreasecutoffal = 1e-05  (Counts increment cutoff threshold for alignments in training of fertility models)
mincountincrease = 1e-07  (minimal count increase)
peggedcutoff = 0.03  (relative cutoff probability for alignment-centers in pegging)
probcutoff = 1e-07  (Probability cutoff threshold for lexicon probabilities)
probsmooth = 1e-07  (probability smoothing (floor) value )

parameters for describing the type and amount of output:
-----------------------------------------------------------
compactalignmentformat = 0  (0: detailled alignment format, 1: compact alignment format )
countoutputprefix =   (The prefix for output counts)
dumpcount = 0  (Whether we are going to dump count (in addition to) final output?)
dumpcountusingwordstring = 0  (In count table, should actual word appears or just the id? default is id)
hmmdumpfrequency = 0  (dump frequency of HMM)
l = 113-11-29.023846.admin.log  (log file name)
log = 0  (0: no logfile; 1: logfile)
model1dumpfrequency = 0  (dump frequency of Model 1)
model2dumpfrequency = 0  (dump frequency of Model 2)
model345dumpfrequency = 0  (dump frequency of Model 3/4/5)
nbestalignments = 0  (for printing the n best alignments)
nodumps = 0  (1: do not write any files)
o = 113-11-29.023846.admin  (output file prefix)
onlyaldumps = 0  (1: do not write any files)
outputpath =   (output path)
transferdumpfrequency = 0  (output: dump of transfer from Model 2 to 3)
verbose = 0  (0: not verbose; 1: verbose)
verbosesentence = -10  (number of sentence for which a lot of information should be printed (negative: no output))

parameters describing input files:
----------------------------------
c = train50k.zh_train50k.en.snt  (training corpus file name)
d =   (dictionary file name)
previousa =   (The a-table of previous step)
previousd =   (The d-table of previous step)
previousd4 =   (The d4-table of previous step)
previousd42 =   (The d4-table (2) of previous step)
previoushmm =   (The hmm-table of previous step)
previousn =   (The n-table of previous step)
previousp0 =   (The P0 previous step)
previoust =   (The t-table of previous step)
restart = 0  (Restart training from a level,0: Normal restart, from model 1, 1: Model 1, 2: Model 2 Init (Using Model 1 model input and train model 2), 3: Model 2, (using model 2 input and train model 2), 4 : HMM Init (Using Model 1 model and train HMM), 5: HMM (Using Model 2 model and train HMM) 6 : HMM (Using HMM Model and train HMM), 7: Model 3 Init (Use HMM model and train model 3) 8: Model 3 Init (Use Model 2 model and train model 3) 9: Model 3, 10: Model 4 Init (Use Model 3 model and train Model 4) 11: Model 4 and on, )
s = train50k.zh.vcb  (source vocabulary file name)
sourcevocabularyclasses =   (source vocabulary classes file name)
t = train50k.en.vcb  (target vocabulary file name)
targetvocabularyclasses =   (target vocabulary classes file name)
tc =   (test corpus file name)

smoothing parameters:
---------------------
emalsmooth = 0.2  (f-b-trn: smoothing factor for HMM alignment model (can be ignored by -emSmoothHMM))
model23smoothfactor = 0  (smoothing parameter for IBM-2/3 (interpolation with constant))
model4smoothfactor = 0.2  (smooting parameter for alignment probabilities in Model 4)
model5smoothfactor = 0.1  (smooting parameter for distortion probabilities in Model 5 (linear interpolation with constant))
nsmooth = 64  (smoothing for fertility parameters (good value: 64): weight for wordlength-dependent fertility parameters)
nsmoothgeneral = 0  (smoothing for fertility parameters (default: 0): weight for word-independent fertility parameters)

parameters modifying the models:
--------------------------------
compactadtable = 1  (1: only 3-dimensional alignment table for IBM-2 and IBM-3)
deficientdistortionforemptyword = 0  (0: IBM-3/IBM-4 as described in (Brown et al. 1993); 1: distortion model of empty word is deficient; 2: distoriton model of empty word is deficient (differently); setting this parameter also helps to avoid that during IBM-3 and IBM-4 training too many words are aligned with the empty word)
depm4 = 76  (d_{=1}: &1:l, &2:m, &4:F, &8:E, d_{>1}&16:l, &32:m, &64:F, &128:E)
depm5 = 68  (d_{=1}: &1:l, &2:m, &4:F, &8:E, d_{>1}&16:l, &32:m, &64:F, &128:E)
emalignmentdependencies = 2  (lextrain: dependencies in the HMM alignment model.  &1: sentence length; &2: previous class; &4: previous position;  &8: French position; &16: French class)
emprobforempty = 0.4  (f-b-trn: probability for empty word)

parameters modifying the EM-algorithm:
--------------------------------------
m5p0 = -1  (fixed value for parameter p_0 in IBM-5 (if negative then it is determined in training))
manlexfactor1 = 0  ()
manlexfactor2 = 0  ()
manlexmaxmultiplicity = 20  ()
maxfertility = 10  (maximal fertility for fertility models)
ncpus = 0  (Number of threads to be executed, use 0 if you just want all CPUs to be used)
p0 = -1  (fixed value for parameter p_0 in IBM-3/4 (if negative then it is determined in training))
pegging = 0  (0: no pegging; 1: do pegging)

Parameter 'sourcevocabularyclasses' changed from '' to 'train50k.zh.vcb.classes'
Parameter 'targetvocabularyclasses' changed from '' to 'train50k.en.vcb.classes'
general parameters:
-------------------
ml = 101  (maximum sentence length)

No. of iterations:
-------------------
hmmiterations = 5  (mh)
model1iterations = 5  (number of iterations for Model 1)
model2iterations = 0  (number of iterations for Model 2)
model3iterations = 5  (number of iterations for Model 3)
model4iterations = 5  (number of iterations for Model 4)
model5iterations = 0  (number of iterations for Model 5)
model6iterations = 0  (number of iterations for Model 6)

parameter for various heuristics in GIZA++ for efficient training:
------------------------------------------------------------------
countincreasecutoff = 1e-06  (Counts increment cutoff threshold)
countincreasecutoffal = 1e-05  (Counts increment cutoff threshold for alignments in training of fertility models)
mincountincrease = 1e-07  (minimal count increase)
peggedcutoff = 0.03  (relative cutoff probability for alignment-centers in pegging)
probcutoff = 1e-07  (Probability cutoff threshold for lexicon probabilities)
probsmooth = 1e-07  (probability smoothing (floor) value )

parameters for describing the type and amount of output:
-----------------------------------------------------------
compactalignmentformat = 0  (0: detailled alignment format, 1: compact alignment format )
countoutputprefix =   (The prefix for output counts)
dumpcount = 0  (Whether we are going to dump count (in addition to) final output?)
dumpcountusingwordstring = 0  (In count table, should actual word appears or just the id? default is id)
hmmdumpfrequency = 0  (dump frequency of HMM)
l = 113-11-29.023846.admin.log  (log file name)
log = 0  (0: no logfile; 1: logfile)
model1dumpfrequency = 0  (dump frequency of Model 1)
model2dumpfrequency = 0  (dump frequency of Model 2)
model345dumpfrequency = 0  (dump frequency of Model 3/4/5)
nbestalignments = 0  (for printing the n best alignments)
nodumps = 0  (1: do not write any files)
o = 113-11-29.023846.admin  (output file prefix)
onlyaldumps = 0  (1: do not write any files)
outputpath =   (output path)
transferdumpfrequency = 0  (output: dump of transfer from Model 2 to 3)
verbose = 0  (0: not verbose; 1: verbose)
verbosesentence = -10  (number of sentence for which a lot of information should be printed (negative: no output))

parameters describing input files:
----------------------------------
c = train50k.zh_train50k.en.snt  (training corpus file name)
d =   (dictionary file name)
previousa =   (The a-table of previous step)
previousd =   (The d-table of previous step)
previousd4 =   (The d4-table of previous step)
previousd42 =   (The d4-table (2) of previous step)
previoushmm =   (The hmm-table of previous step)
previousn =   (The n-table of previous step)
previousp0 =   (The P0 previous step)
previoust =   (The t-table of previous step)
restart = 0  (Restart training from a level,0: Normal restart, from model 1, 1: Model 1, 2: Model 2 Init (Using Model 1 model input and train model 2), 3: Model 2, (using model 2 input and train model 2), 4 : HMM Init (Using Model 1 model and train HMM), 5: HMM (Using Model 2 model and train HMM) 6 : HMM (Using HMM Model and train HMM), 7: Model 3 Init (Use HMM model and train model 3) 8: Model 3 Init (Use Model 2 model and train model 3) 9: Model 3, 10: Model 4 Init (Use Model 3 model and train Model 4) 11: Model 4 and on, )
s = train50k.zh.vcb  (source vocabulary file name)
sourcevocabularyclasses = train50k.zh.vcb.classes  (source vocabulary classes file name)
t = train50k.en.vcb  (target vocabulary file name)
targetvocabularyclasses = train50k.en.vcb.classes  (target vocabulary classes file name)
tc =   (test corpus file name)

smoothing parameters:
---------------------
emalsmooth = 0.2  (f-b-trn: smoothing factor for HMM alignment model (can be ignored by -emSmoothHMM))
model23smoothfactor = 0  (smoothing parameter for IBM-2/3 (interpolation with constant))
model4smoothfactor = 0.2  (smooting parameter for alignment probabilities in Model 4)
model5smoothfactor = 0.1  (smooting parameter for distortion probabilities in Model 5 (linear interpolation with constant))
nsmooth = 64  (smoothing for fertility parameters (good value: 64): weight for wordlength-dependent fertility parameters)
nsmoothgeneral = 0  (smoothing for fertility parameters (default: 0): weight for word-independent fertility parameters)

parameters modifying the models:
--------------------------------
compactadtable = 1  (1: only 3-dimensional alignment table for IBM-2 and IBM-3)
deficientdistortionforemptyword = 0  (0: IBM-3/IBM-4 as described in (Brown et al. 1993); 1: distortion model of empty word is deficient; 2: distoriton model of empty word is deficient (differently); setting this parameter also helps to avoid that during IBM-3 and IBM-4 training too many words are aligned with the empty word)
depm4 = 76  (d_{=1}: &1:l, &2:m, &4:F, &8:E, d_{>1}&16:l, &32:m, &64:F, &128:E)
depm5 = 68  (d_{=1}: &1:l, &2:m, &4:F, &8:E, d_{>1}&16:l, &32:m, &64:F, &128:E)
emalignmentdependencies = 2  (lextrain: dependencies in the HMM alignment model.  &1: sentence length; &2: previous class; &4: previous position;  &8: French position; &16: French class)
emprobforempty = 0.4  (f-b-trn: probability for empty word)

parameters modifying the EM-algorithm:
--------------------------------------
m5p0 = -1  (fixed value for parameter p_0 in IBM-5 (if negative then it is determined in training))
manlexfactor1 = 0  ()
manlexfactor2 = 0  ()
manlexmaxmultiplicity = 20  ()
maxfertility = 10  (maximal fertility for fertility models)
ncpus = 16  (Number of threads to be executed, use 0 if you just want all CPUs to be used)
p0 = -1  (fixed value for parameter p_0 in IBM-3/4 (if negative then it is determined in training))
pegging = 0  (0: no pegging; 1: do pegging)

reading vocabulary files 
Source vocabulary list has 14245 unique tokens 
Target vocabulary list has 14943 unique tokens 
Calculating vocabulary frequencies from corpus train50k.zh_train50k.en.snt
Reading more sentence pairs into memory ... 
Corpus fits in memory, corpus has: 49997 sentence pairs.
 Train total # sentence pairs (weighted): 49997
Size of source portion of the training corpus: 1.94982e+06 tokens
Size of the target portion of the training corpus: 2.2289e+06 tokens 
In source portion of the training corpus, only 14018 unique tokens appeared
In target portion of the training corpus, only 14679 unique tokens appeared
lambda for PP calculation in IBM-1,IBM-2,HMM:= 2.2289e+06/(1.99982e+06-49997)== 1.14313
There are 6086360 6086360 entries in table
==========================================================
Model1 Training Started at: Fri Nov 29 02:38:49 2013

-----------
Model1: Iteration 1
==========================================================
Model1 Training Started at: Thu Jan  1 00:00:00 1970

-----------
Model1: Iteration 1
==========================================================
Model1 Training Started at: Thu Jan  1 00:00:00 1970

-----------
Model1: Iteration 1
==========================================================
Model1 Training Started at: Thu Jan  1 00:00:00 1970

-----------
Model1: Iteration 1
==========================================================
Model1 Training Started at: Thu Jan  1 00:00:00 1970

-----------
Model1: Iteration 1
==========================================================
Model1 Training Started at: Thu Jan  1 00:00:00 1970

-----------
Model1: Iteration 1
==========================================================
Model1 Training Started at: Thu Jan  1 00:00:00 1970

-----------
Model1: Iteration 1
==========================================================
Model1 Training Started at: Thu Jan  1 00:00:00 1970

-----------
Model1: Iteration 1
==========================================================
Model1 Training Started at: Thu Jan  1 00:00:00 1970

-----------
Model1: Iteration 1
==========================================================
Model1 Training Started at: Thu Jan  1 00:00:00 1970

-----------
Model1: Iteration 1
==========================================================
Model1 Training Started at: Thu Jan  1 00:00:00 1970

-----------
Model1: Iteration 1
==========================================================
Model1 Training Started at: Thu Jan  1 00:00:00 1970

-----------
Model1: Iteration 1
==========================================================
Model1 Training Started at: Thu Jan  1 00:00:00 1970

-----------
Model1: Iteration 1
==========================================================
Model1 Training Started at: Thu Jan  1 00:00:00 1970

-----------
Model1: Iteration 1
==========================================================
Model1 Training Started at: Thu Jan  1 00:00:00 1970

-----------
Model1: Iteration 1
==========================================================
Model1 Training Started at: Thu Jan  1 00:00:00 1970

-----------
Model1: Iteration 1
Model1: (1) TRAIN CROSS-ENTROPY 14.3493 PERPLEXITY 20871.9
Model1: (1) VITERBI TRAIN CROSS-ENTROPY inf PERPLEXITY inf
Model 1 Iteration: 1 took: 4 seconds
-----------
Model1: Iteration 2
==========================================================
==========================================================
==========================================================
Model1 Training Started at: Thu Jan  1 00:00:00 1970

Model1-----------
Model1: Iteration ==========================================================
2
 Training Started at: Thu Jan  1 00:00:00 1970

-----------
Model1: Iteration 2
Model1 Training Started at: Thu Jan  1 00:00:00 1970

-----------
Model1: Iteration 2
Model1 Training Started at: Thu Jan  1 00:00:00 1970

-----------
Model1: Iteration 2
==========================================================
Model1 Training Started at: Thu Jan  1 00:00:00 1970

-----------
Model1: Iteration 2
==========================================================
Model1 Training Started at: Thu Jan  1 00:00:00 1970

-----------
Model1: Iteration 2
==========================================================
Model1 Training Started at: Thu Jan  1 00:00:00 1970

-----------
Model1: Iteration 2
==========================================================
Model1 Training Started at: Thu Jan  1 00:00:00 1970

-----------
Model1: Iteration 2
==========================================================
Model1 Training Started at: Thu Jan  1 00:00:00 1970

-----------
Model1: Iteration 2
==========================================================
Model1 Training Started at: Thu Jan  1 00:00:00 1970

-----------
Model1: Iteration 2
==========================================================
Model1 Training Started at: Thu Jan  1 00:00:00 1970

-----------
Model1: Iteration 2
==========================================================
Model1 Training Started at: Thu Jan  1 00:00:00 1970

-----------
Model1: Iteration 2
==========================================================
Model1 Training Started at: Thu Jan  1 00:00:00 1970

-----------
Model1: Iteration 2
==========================================================
Model1 Training Started at: Thu Jan  1 00:00:00 1970

-----------
Model1: Iteration 2
==========================================================
Model1 Training Started at: Thu Jan  1 00:00:00 1970

-----------
Model1: Iteration 2
Model1: (2) TRAIN CROSS-ENTROPY 7.48704 PERPLEXITY 179.4
Model1: (2) VITERBI TRAIN CROSS-ENTROPY 10.9488 PERPLEXITY 1976.66
Model 1 Iteration: 2 took: 6 seconds
-----------
Model1: Iteration 3
==========================================================
==========================================================
==========================================================
Model1 Training Started at: Thu Jan  1 00:00:00 1970

==========================================================
-----------
Model1: Iteration 3
Model1 Training Started at: Thu Jan  1 00:00:00 1970

-----------
Model1: Iteration 3
Model1 Training Started at: Thu Jan  1 00:00:00 1970

-----------
Model1: Iteration 3
Model1 Training Started at: Thu Jan  1 00:00:00 1970

-----------
Model1: Iteration 3
==========================================================
Model1 Training Started at: Thu Jan  1 00:00:00 1970

-----------
Model1: Iteration 3
==========================================================
Model1 Training Started at: Thu Jan  1 00:00:00 1970

-----------
Model1: Iteration 3
==========================================================
Model1 Training Started at: Thu Jan  1 00:00:00 1970

-----------
Model1: Iteration 3
==========================================================
Model1 Training Started at: Thu Jan  1 00:00:00 1970

-----------
Model1: Iteration 3
==========================================================
Model1 Training Started at: Thu Jan  1 00:00:00 1970

-----------
Model1: Iteration 3
==========================================================
Model1 Training Started at: Thu Jan  1 00:00:00 1970

-----------
Model1: Iteration 3
==========================================================
Model1 Training Started at: Thu Jan  1 00:00:00 1970

-----------
Model1: Iteration 3
==========================================================
Model1 Training Started at: Thu Jan  1 00:00:00 1970

-----------
Model1: Iteration 3
==========================================================
Model1 Training Started at: Thu Jan  1 00:00:00 1970

-----------
Model1: Iteration 3
==========================================================
Model1 Training Started at: Thu Jan  1 00:00:00 1970

-----------
Model1: Iteration 3
==========================================================
Model1 Training Started at: Thu Jan  1 00:00:00 1970

-----------
Model1: Iteration 3
Model1: (3) TRAIN CROSS-ENTROPY 6.64518 PERPLEXITY 100.092
Model1: (3) VITERBI TRAIN CROSS-ENTROPY 9.33359 PERPLEXITY 645.196
Model 1 Iteration: 3 took: 6 seconds
-----------
Model1: Iteration 4
==========================================================
==========================================================
==========================================================
Model1 Training Started at: Thu Jan  1 00:00:00 1970

-----------
Model1: Iteration 4
Model1 Training Started at: Thu Jan  1 00:00:00 1970

==========================================================
-----------
Model1: Iteration 4
Model1 Training Started at: Thu Jan  1 00:00:00 1970

-----------
Model1: Iteration 4
Model1 Training Started at: Thu Jan  1 00:00:00 1970

-----------
Model1: Iteration 4
==========================================================
Model1 Training Started at: Thu Jan  1 00:00:00 1970

-----------
Model1: Iteration 4
==========================================================
Model1 Training Started at: Thu Jan  1 00:00:00 1970

-----------
Model1: Iteration 4
==========================================================
Model1 Training Started at: Thu Jan  1 00:00:00 1970

-----------
Model1: Iteration 4
==========================================================
Model1 Training Started at: Thu Jan  1 00:00:00 1970

-----------
Model1: Iteration 4
==========================================================
Model1 Training Started at: Thu Jan  1 00:00:00 1970

-----------
Model1: Iteration 4
==========================================================
Model1 Training Started at: Thu Jan  1 00:00:00 1970

-----------
Model1: Iteration 4
==========================================================
Model1 Training Started at: Thu Jan  1 00:00:00 1970

-----------
Model1: Iteration 4
==========================================================
Model1 Training Started at: Thu Jan  1 00:00:00 1970

-----------
Model1: Iteration 4
==========================================================
Model1 Training Started at: Thu Jan  1 00:00:00 1970

-----------
Model1: Iteration 4
==========================================================
Model1 Training Started at: Thu Jan  1 00:00:00 1970

-----------
Model1: Iteration 4
==========================================================
Model1 Training Started at: Thu Jan  1 00:00:00 1970

-----------
Model1: Iteration 4
Model1: (4) TRAIN CROSS-ENTROPY 6.25493 PERPLEXITY 76.3698
Model1: (4) VITERBI TRAIN CROSS-ENTROPY 8.48741 PERPLEXITY 358.892
Model 1 Iteration: 4 took: 6 seconds
-----------
Model1: Iteration 5
==========================================================
==========================================================
==========================================================
Model1 Training Started at:  hu Jan  1 00:00:00 1970

-----------
Model1: Iteration 5
Model1 Training Started at: Thu Jan  1 00:00:00 1970

==========================================================
-----------
Model1: Iteration 5
Model1 Training Started at: Thu Jan  1 00:00:00 1970

-----------
Model1: Iteration 5
Model1 Training Started at: Thu Jan  1 00:00:00 1970

-----------
Model1: Iteration 5
==========================================================
Model1 Training Started at: Thu Jan  1 00:00:00 1970

-----------
Model1: Iteration 5
==========================================================
Model1 Training Started at: Thu Jan  1 00:00:00 1970

-----------
Model1: Iteration 5
==========================================================
Model1 Training Started at: Thu Jan  1 00:00:00 1970

-----------
Model1: Iteration 5
==========================================================
Model1 Training Started at: Thu Jan  1 00:00:00 1970

-----------
Model1: Iteration 5
==========================================================
Model1 Training Started at: Thu Jan  1 00:00:00 1970

-----------
Model1: Iteration 5
==========================================================
Model1 Training Started at: Thu Jan  1 00:00:00 1970

-----------
Model1: Iteration 5
==========================================================
Model1 Training Started at: Thu Jan  1 00:00:00 1970

-----------
Model1: Iteration 5
==========================================================
Model1 Training Started at: Thu Jan  1 00:00:00 1970

-----------
Model1: Iteration 5
==========================================================
Model1 Training Started at: Thu Jan  1 00:00:00 1970

-----------
Model1: Iteration 5
==========================================================
Model1 Training Started at: Thu Jan  1 00:00:00 1970

-----------
Model1: Iteration 5
==========================================================
Model1 Training Started at: Thu Jan  1 00:00:00 1970

-----------
Model1: Iteration 5
Model1: (5) TRAIN CROSS-ENTROPY 6.10175 PERPLEXITY 68.677
Model1: (5) VITERBI TRAIN CROSS-ENTROPY 8.07087 PERPLEXITY 268.889
Model 1 Iteration: 5 took: 6 seconds
Entire Model1 Training took: 28 seconds
NOTE: I am doing iterations with the HMM model!
Read classes: #words: 14244  #classes: 81
Actual number of read words: 27242 stored words: 14017
Read classes: #words: 14942  #classes: 81
Actual number of read words: 28592 stored words: 14679

==========================================================
Hmm Training Started at: Fri Nov 29 02:39:17 2013

-----------
Hmm: Iteration 1
A/D table contains 466123 parameters.
Hmm: (1) TRAIN CROSS-ENTROPY 4.52182 PERPLEXITY 22.9722
Hmm: (1) VITERBI TRAIN CROSS-ENTROPY 7.83691 PERPLEXITY 228.635

Hmm Iteration: 1 took: 334 seconds

-----------
Hmm: Iteration 2
A/D table contains 466123 parameters.
Hmm: (2) TRAIN CROSS-ENTROPY 4.27027 PERPLEXITY 19.2966
Hmm: (2) VITERBI TRAIN CROSS-ENTROPY 6.08029 PERPLEXITY 67.6625

Hmm Iteration: 2 took: 332 seconds

-----------
Hmm: Iteration 3
A/D table contains 466123 parameters.
Hmm: (3) TRAIN CROSS-ENTROPY 3.98391 PERPLEXITY 15.8225
Hmm: (3) VITERBI TRAIN CROSS-ENTROPY 5.23673 PERPLEXITY 37.7063

Hmm Iteration: 3 took: 333 seconds

-----------
Hmm: Iteration 4
A/D table contains 466123 parameters.
Hmm: (4) TRAIN CROSS-ENTROPY 3.869 PERPLEXITY 14.6112
Hmm: (4) VITERBI TRAIN CROSS-ENTROPY 4.85953 PERPLEXITY 29.0311

Hmm Iteration: 4 took: 331 seconds

-----------
Hmm: Iteration 5
A/D table contains 466123 parameters.
Hmm: (5) TRAIN CROSS-ENTROPY 3.82962 PERPLEXITY 14.2177
Hmm: (5) VITERBI TRAIN CROSS-ENTROPY 4.70961 PERPLEXITY 26.1658

Hmm Iteration: 5 took: 332 seconds

Entire Hmm Training took: 1662 seconds
==========================================================

==========================================================
Starting H3333344444:  Viterbi Training
 H3333344444 Training Started at: Fri Nov 29 03:06:59 2013


---------------------
THTo3: Iteration 1
NP 0.999314 AP0 0.738722 j:0 i:0;  NP 0.0994079 AP1 0.511179 j:1 i:1;  NP 0.999956 AP1 0.498387 j:2 i:2;  NP 0.00913389 AP1 0.285714 j:3 i:102;  NP 0.420863 AP1 0.0131993 j:4 i:5;  NP 0.031633 AP1 0.210189 j:5 i:5;  NP 0.425525 AP1 0.210189 j:6 i:5;  NP 0.320468 AP1 0.210189 j:7 i:5;  NP 0.00889285 AP1 0.285714 j:8 i:105;  NP 0.998362 AP1 0.210189 j:9 i:5;  NP 0.0492009 AP1 0.0172967 j:10 i:8;  NP 0.425445 AP1 0.00789656 j:11 i:5;  NP 0.606558 AP1 0.210189 j:12 i:5;  NP 0.14456 AP1 0.210189 j:13 i:5;  NP 0.497616 AP1 0.210189 j:14 i:5;  NP 0.113488 AP1 0.00179517 j:15 i:33;  NP 0.364874 AP1 0.00146415 j:16 i:98;  NP 0.914296 AP1 0.0718333 j:17 i:97;  NP 0.0536198 AP1 0.00143126 j:18 i:16;  NP 8.22922e-06 AP1 0.285714 j:19 i:116;  NP 8.22921e-06 AP1 0.285714 j:20 i:116;  NP 0.0536198 AP1 0.00627611 j:21 i:20;  NP 8.22923e-06 AP1 0.385217 j:22 i:21;  NP 0.0536198 AP1 0.00354322 j:23 i:16;  NP 2.74604e-06 AP1 0.00527902 j:24 i:23;  NP 0.167346 AP1 0.00177561 j:25 i:33;  NP 0.113488 AP1 0.0655658 j:26 i:33;  NP 0.0894609 AP1 0.0655658 j:27 i:33;  NP 2.59454e-05 AP1 0.00337286 j:28 i:24;  NP 0.0536198 AP1 0.00491382 j:29 i:20;  NP 8.22922e-06 AP1 0.00347733 j:30 i:29;  NP 0.00668781 AP1 0.285714 j:31 i:129;  NP 8.2292e-06 AP1 0.0167684 j:32 i:31;  NP 8.18802e-06 AP1 0.334759 j:33 i:32;  NP 8.22921e-06 AP1 0.382552 j:34 i:33;  NP 0.0052112 AP1 0.285714 j:35 i:133;  NP 0.00668781 AP1 0.285714 j:36 i:133;  NP 0.00171889 AP1 0.00337286 j:37 i:24;  NP 0.0536198 AP1 0.00274902 j:38 i:37;  NP 2.74604e-06 AP1 0.285714 j:39 i:137;  NP 0.167346 AP1 0.00858392 j:40 i:33;  NP 0.113488 AP1 0.0655658 j:41 i:33;  NP 0.0894609 AP1 0.0655658 j:42 i:33;  NP 0.191283 AP1 0.0655658 j:43 i:33;  NP 0.0536198 AP1 0.00857856 j:44 i:37;  NP 0.191292 AP1 0.00180594 j:45 i:60;  NP 0.203017 AP1 0.0656131 j:46 i:60;  NP 0.0536198 AP1 0.00215296 j:47 i:46;  NP 0.00913389 AP1 0.285714 j:48 i:146;  NP 0.107905 AP1 0.00153937 j:49 i:7;  NP 0.191265 AP1 0.00150194 j:50 i:60;  NP 0.00697334 AP1 0.00212303 j:51 i:45;  NP 0.00397753 AP1 0.323059 j:52 i:46;  NP 8.22922e-06 AP1 0.381595 j:53 i:47;  NP 0.215572 AP1 0.0020285 j:54 i:60;  NP 0.248758 AP1 0.00535878 j:55 i:53;  NP 0.00171889 AP1 0.0146621 j:56 i:51;  NP 0.00909528 AP1 0.00281276 j:57 i:51;  NP 2.74604e-06 AP1 0.460568 j:58 i:52;  NP 0.167346 AP1 0.00588458 j:59 i:60;  NP 0.331329 AP1 0.00572359 j:60 i:67;  NP 0.113488 AP1 0.00639788 j:61 i:60;  NP 0.194098 AP1 0.0656131 j:62 i:60;  NP 0.0894609 AP1 0.0656131 j:63 i:60;  NP 0.242933 AP1 0.0340732 j:64 i:62;  NP 0.0536198 AP1 0.00162242 j:65 i:73;  NP 0.333113 AP1 0.00287344 j:66 i:60;  NP 0.945683 AP1 0.00183701 j:67 i:39;  NP 0.219525 AP1 0.00148899 j:68 i:87;  NP 0.203017 AP1 0.0674988 j:69 i:87;  NP 0.0536198 AP1 0.00217424 j:70 i:73;  NP 0.00481961 AP1 0.0174355 j:71 i:70;  NP 0.018577 AP1 0.147955 j:72 i:70;  NP 0.998602 AP1 0.00144846 j:73 i:10;  NP 0.976879 AP1 0.286581 j:74 i:11;  NP 0.121284 AP1 0.0149612 j:75 i:9;  NP 0.018577 AP1 0.00144717 j:76 i:70;  NP 0.988729 AP1 0.00144881 j:77 i:9;  NP 0.998806 AP1 0.0361023 j:78 i:4;  NP 0.0825539 AP1 0.00499362 j:79 i:17;  NP 0.999879 AP1 0.00234823 j:80 i:6;  NP 0.474244 AP1 0.00148853 j:81 i:68;  NP 0.997055 AP1 0.00157405 j:82 i:14;  NP 0.981753 AP1 0.261417 j:83 i:15;  NP 0.0202172 AP1 0.00146259 j:84 i:78;  NP 0.00341135 AP1 0.465714 j:85 i:79;  NP 0.983328 AP1 0.00145156 j:86 i:13;  NP 0.950276 AP1 0.183034 j:87 i:13;  NP 0.0168662 AP1 0.00147469 j:88 i:79;  NP 0.467981 AP1 0.00145838 j:89 i:14;  NP 0.0941337 AP1 0.00216264 j:90 i:39;  NP 0.997531 AP1 0.00178376 j:91 i:17;  NP 0.0667929 AP1 0.00147489 j:92 i:74;  NP 0.0536198 AP1 0.00494578 j:93 i:73;  NP 0.333166 AP1 0.383362 j:94 i:74;  NP 0.270913 AP1 0.237951 j:95 i:74;  NP 0.0994079 AP1 0.00185743 j:96 i:92;  NP 0.166636 AP1 0.00583863 j:97 i:85;  NP 0.248758 AP1 0.00164115 j:98 i:99;  NP 0.249712 AP1 0.00457097 AP2 4.01997 j:99 i:81;  
NP 0.00110743 AP0 0.936623 j:0 i:0;  NP 0.377324 AP1 0.515207 j:1 i:1;  NP 0.938991 AP1 0.00418827 j:2 i:34;  NP 0.999497 AP1 0.274886 j:3 i:34;  NP 0.999595 AP1 0.274886 j:4 i:34;  NP 0.0200252 AP1 0.285714 j:5 i:70;  NP 0.996904 AP1 0.274886 j:6 i:34;  NP 0.484664 AP1 0.0153593 j:7 i:31;  NP 0.959114 AP1 0.0191868 j:8 i:34;  NP 0.470368 AP1 0.274886 j:9 i:34;  NP 0.0200252 AP1 0.285714 j:10 i:70;  NP 0.9985 AP1 0.274886 j:11 i:34;  NP 0.999796 AP1 0.274886 j:12 i:34;  NP 0.959114 AP1 0.274886 j:13 i:34;  NP 0.000140193 AP1 0.00464601 j:14 i:5;  NP 0.60469 AP1 0.00653912 j:15 i:15;  NP 0.45418 AP1 0.0177326 j:16 i:13;  NP 0.862536 AP1 0.00804548 j:17 i:8;  NP 0.0495107 AP1 0.00487828 j:18 i:12;  NP 0.000171511 AP1 0.00658102 j:19 i:5;  NP 0.000567315 AP1 0.285714 j:20 i:41;  NP 0.0215222 AP1 0.285714 j:21 i:41;  NP 0.00111277 AP1 0.00587723 j:22 i:20;  NP 0.000606064 AP1 0.0105842 j:23 i:16;  NP 0.164684 AP1 0.0314569 j:24 i:16;  NP 0.00250259 AP1 0.00748421 j:25 i:26;  NP 0.000259229 AP1 0.0282576 j:26 i:28;  NP 0.0227599 AP1 0.285714 j:27 i:64;  NP 0.0223616 AP1 0.285714 j:28 i:64;  NP 0.000729091 AP1 0.264015 j:29 i:28;  NP 0.024027 AP1 0.285714 j:30 i:64;  NP 0.0223616 AP1 0.285714 j:31 i:64;  NP 0.00149859 AP1 0.264015 j:32 i:28;  NP 0.484664 AP1 0.0166589 j:33 i:31;  NP 0.0204045 AP1 0.0148687 j:34 i:28;  NP 0.0215222 AP1 0.285714 j:35 i:64;  NP 0.000105692 AP1 0.264015 j:36 i:28;  NP 0.0301108 AP1 0.0183193 j:37 i:26;  NP 2.59251e-05 AP1 0.0282576 j:38 i:28;  NP 0.000606064 AP1 0.00590213 j:39 i:16;  NP 0.00139246 AP1 0.00748421 j:40 i:26;  NP 0.164684 AP1 0.00706111 j:41 i:16;  NP 5.75329e-06 AP1 0.00612752 j:42 i:35;  NP 0.06796 AP1 0.00906983 j:43 i:20;  NP 5.75337e-06 AP1 0.00627006 j:44 i:35;  NP 0.0695591 AP1 0.00957875 j:45 i:22;  NP 0.0321964 AP1 0.00831558 j:46 i:29;  NP 0.119829 AP1 0.00425637 j:47 i:4;  NP 0.0439294 AP1 0.00436514 j:48 i:32;  NP 0.0321964 AP1 0.0206346 j:49 i:29;  NP 0.00149859 AP1 0.0102022 j:50 i:28;  NP 0.484664 AP1 0.0166589 j:51 i:31;  NP 0.0204045 AP1 0.0148687 j:52 i:28;  NP 0.187516 AP1 0.00449446 j:53 i:5;  NP 0.368208 AP1 0.00449927 j:54 i:28;  NP 0.412592 AP1 0.00449446 j:55 i:5;  NP 0.00877334 AP1 0.00450128 j:56 i:29;  NP 0.484664 AP1 0.0176434 j:57 i:31;  NP 0.0695591 AP1 0.00576442 j:58 i:22;  NP 0.00877334 AP1 0.00831558 j:59 i:29;  NP 0.0254862 AP1 0.00794878 j:60 i:33;  NP 0.0321964 AP1 0.00548264 j:61 i:33;  NP 0.00138002 AP1 0.00421906 j:62 i:5;  NP 0.0153345 AP1 0.00447576 j:63 i:33;  NP 0.0321964 AP1 0.00548264 j:64 i:33;  NP 0.41977 AP1 0.005423 j:65 i:23;  NP 0.0153345 AP1 0.00745512 j:66 i:33;  NP 0.0321964 AP1 0.00548264 j:67 i:33;  NP 0.000598122 AP1 0.00421906 j:68 i:5;  NP 0.00877334 AP1 0.00447576 j:69 i:33;  NP 0.0211014 AP1 0.00548264 j:70 i:33;  NP 0.000940464 AP1 0.00420206 j:71 i:3;  NP 0.171296 AP1 0.00463902 j:72 i:25;  NP 0.0364423 AP1 0.201605 j:73 i:25;  NP 0.00962623 AP1 0.00767971 j:74 i:33;  NP 0.000152504 AP1 0.00421906 j:75 i:5;  NP 0.0321964 AP1 0.00450128 j:76 i:29;  NP 0.916854 AP1 0.00487341 j:77 i:16;  NP 0.0722815 AP1 0.0314569 j:78 i:16;  NP 2.87503e-06 AP1 0.00612752 j:79 i:35;  NP 9.24608e-05 AP1 0.00515355 j:80 i:5;  NP 0.0145394 AP1 0.00434848 j:81 i:30;  NP 0.0321964 AP1 0.0230587 j:82 i:29;  NP 0.00149859 AP1 0.00428091 j:83 i:5;  NP 0.484664 AP1 0.00437881 j:84 i:31;  NP 1.11515e-06 AP1 0.401569 j:85 i:32;  NP 0.372705 AP1 0.0373588 AP2 70.637 j:86 i:35;  
NP 0.999843 AP0 0.922831 j:0 i:0;  NP 0.942739 AP1 0.51651 j:1 i:1;  NP 0.999929 AP1 0.506821 j:2 i:2;  NP 0.183963 AP1 0.194884 j:3 i:2;  NP 0.0279356 AP1 0.285714 j:4 i:32;  NP 0.999896 AP1 0.198361 j:5 i:3;  NP 0.0282531 AP1 0.285714 j:6 i:33;  NP 0.999989 AP1 0.0360471 j:7 i:5;  NP 0.981913 AP1 0.0571217 j:8 i:7;  NP 0.030277 AP1 0.285714 j:9 i:37;  NP 0.0279356 AP1 0.285714 j:10 i:37;  NP 0.999964 AP1 0.00540393 j:11 i:26;  NP 0.985395 AP1 0.0259951 j:12 i:28;  NP 0.0205773 AP1 0.285714 j:13 i:58;  NP 0.466726 AP1 0.0054847 j:14 i:9;  NP 0.999987 AP1 0.00647127 j:15 i:24;  NP 0.433419 AP1 0.0148596 j:16 i:21;  NP 0.0245231 AP1 0.285714 j:17 i:51;  NP 0.0279356 AP1 0.285714 j:18 i:51;  NP 0.998832 AP1 0.0141666 j:19 i:17;  NP 0.99345 AP1 0.240987 j:20 i:18;  NP 0.030277 AP1 0.285714 j:21 i:48;  NP 0.0279356 AP1 0.285714 j:22 i:48;  NP 0.996465 AP1 0.0144452 j:23 i:12;  NP 0.801812 AP1 0.0114146 j:24 i:8;  NP 0.890259 AP1 0.246779 j:25 i:8;  NP 0.0254336 AP1 0.00687765 j:26 i:19;  NP 0.0402219 AP1 0.0140337 j:27 i:25;  NP 0.586477 AP1 0.00565644 j:28 i:11;  NP 0.01276 AP1 0.0095966 j:29 i:25;  NP 0.0402219 AP1 0.00625232 j:30 i:25;  NP 0.930394 AP1 0.00563924 j:31 i:10;  NP 0.37932 AP1 0.00802533 j:32 i:19;  NP 0.0402219 AP1 0.0140337 j:33 i:25;  NP 0.998906 AP1 0.00539459 j:34 i:8;  NP 0.197185 AP1 0.0056642 j:35 i:27;  NP 0.998276 AP1 0.00512515 j:36 i:8;  NP 0.0254336 AP1 0.00687765 j:37 i:19;  NP 0.551604 AP1 0.00749046 j:38 i:8;  NP 0.353306 AP1 0.246779 j:39 i:8;  NP 0.97297 AP1 0.00541425 j:40 i:29;  NP 0.937873 AP1 0.0366496 j:41 i:26;  NP 0.996465 AP1 0.00630764 j:42 i:12;  NP 0.801812 AP1 0.0114146 j:43 i:8;  NP 0.890259 AP1 0.246779 j:44 i:8;  NP 0.0254336 AP1 0.00687765 j:45 i:19;  NP 0.0402219 AP1 0.0140337 j:46 i:25;  NP 0.41254 AP1 0.00539459 j:47 i:8;  NP 0.00860649 AP1 0.00616548 j:48 i:23;  NP 0.0570651 AP1 0.00906573 j:49 i:16;  NP 0.930394 AP1 0.00928579 j:50 i:10;  NP 0.37932 AP1 0.00802533 j:51 i:19;  NP 0.0570651 AP1 0.0274073 j:52 i:16;  NP 0.00048307 AP1 0.00784883 j:53 i:26;  NP 0.0425148 AP1 0.00624797 j:54 i:9;  NP 0.00131435 AP1 0.0629612 j:55 i:9;  NP 0.00208409 AP1 0.00623085 j:56 i:29;  NP 0.37052 AP1 0.00714817 j:57 i:9;  NP 0.396957 AP1 0.0629612 j:58 i:9;  NP 0.217554 AP1 0.011788 j:59 i:4;  NP 0.998832 AP1 0.00616535 j:60 i:17;  NP 0.99345 AP1 0.240987 j:61 i:18;  NP 0.057789 AP1 0.24427 j:62 i:19;  NP 0.954237 AP1 0.0118434 j:63 i:26;  NP 0.942739 AP1 0.00560514 j:64 i:1;  NP 0.999734 AP1 0.00551634 j:65 i:26;  NP 0.978814 AP1 0.340364 j:66 i:26;  NP 0.999676 AP1 0.340364 j:67 i:26;  NP 0.971635 AP1 0.340364 j:68 i:26;  NP 0.999631 AP1 0.340364 j:69 i:26;  NP 0.942739 AP1 0.00560514 j:70 i:1;  NP 0.996465 AP1 0.00677596 j:71 i:12;  NP 0.0168486 AP1 0.340853 j:72 i:13;  NP 0.00115799 AP1 0.00620693 j:73 i:13;  NP 0.00555482 AP1 0.00805782 j:74 i:19;  NP 5.49173e-06 AP1 0.0140337 j:75 i:25;  NP 0.000158997 AP1 0.0113552 j:76 i:19;  NP 0.0280185 AP1 0.0140337 j:77 i:25;  NP 5.49142e-06 AP1 0.00625232 j:78 i:25;  NP 0.00837925 AP1 0.0113552 j:79 i:19;  NP 0.00237527 AP1 0.0126959 j:80 i:13;  NP 0.217554 AP1 0.00632485 j:81 i:4;  NP 5.33093e-06 AP1 0.00549333 j:82 i:25;  NP 4.51975e-06 AP1 0.00637393 j:83 i:16;  NP 0.217554 AP1 0.00630538 j:84 i:4;  NP 4.93336e-06 AP1 0.00846621 j:85 i:0;  NP 9.24445e-05 AP1 0.00497404 j:86 i:16;  NP 0.0529029 AP1 0.157139 j:87 i:16;  NP 5.47108e-06 AP1 0.00751692 j:88 i:27;  NP 5.25721e-06 AP1 0.00976377 j:89 i:24;  NP 0.0379449 AP1 0.00680633 j:90 i:13;  NP 5.45951e-06 AP1 0.00668473 j:91 i:24;  NP 0.00860649 AP1 0.0174652 j:92 i:23;  NP 5.29364e-06 AP1 0.0182898 j:93 i:27;  NP 5.26986e-06 AP1 0.00498143 j:94 i:0;  NP 0.161422 AP1 0.00488751 j:95 i:22;  NP 0.0529029 AP1 0.0136381 j:96 i:16;  NP 0.217554 AP1 0.00630538 j:97 i:4;  NP 7.54741e-05 AP1 0.00568932 j:98 i:20;  NP 0.942739 AP1 0.00510789 AP2 0.0068659 j:99 i:1;  
NP 0.993765 AP0 0.881277 j:0 i:0;  NP 0.851655 AP1 0.51344 j:1 i:1;  NP 0.999975 AP1 0.50111 j:2 i:2;  NP 0.0308086 AP1 0.353567 j:3 i:3;  NP 0.680876 AP1 0.264419 j:4 i:4;  NP 0.909153 AP1 0.00294949 j:5 i:48;  NP 0.0132885 AP1 0.285714 j:6 i:98;  NP 0.015082 AP1 0.285714 j:7 i:98;  NP 0.999965 AP1 0.00299459 j:8 i:4;  NP 0.999838 AP1 0.268432 j:9 i:4;  NP 0.826283 AP1 0.268432 j:10 i:4;  NP 0.123408 AP1 0.0060965 j:11 i:14;  NP 0.157198 AP1 0.00928851 j:12 i:11;  NP 0.622129 AP1 0.0059991 j:13 i:4;  NP 0.123408 AP1 0.0060965 j:14 i:14;  NP 0.782772 AP1 0.00421288 j:15 i:4;  NP 0.851655 AP1 0.0102299 j:16 i:1;  NP 0.993554 AP1 0.00971711 j:17 i:4;  NP 0.123408 AP1 0.0060965 j:18 i:14;  NP 0.752779 AP1 0.00421288 j:19 i:4;  NP 0.851655 AP1 0.0102299 j:20 i:1;  NP 0.971104 AP1 0.00971711 j:21 i:4;  NP 0.0282563 AP1 0.00576983 j:22 i:16;  NP 0.235039 AP1 0.00502279 j:23 i:26;  NP 0.015082 AP1 0.285714 j:24 i:76;  NP 0.128418 AP1 0.00437961 j:25 i:17;  NP 0.0167399 AP1 0.285714 j:26 i:67;  NP 0.847587 AP1 0.00597001 j:27 i:10;  NP 0.123408 AP1 0.00567112 j:28 i:20;  NP 0.0477527 AP1 0.469167 j:29 i:21;  NP 0.100518 AP1 0.00756036 j:30 i:16;  NP 0.123408 AP1 0.00949285 j:31 i:20;  NP 0.157198 AP1 0.00927732 j:32 i:23;  NP 0.160819 AP1 0.00596562 j:33 i:16;  NP 0.123408 AP1 0.00949285 j:34 i:20;  NP 0.0172212 AP1 0.00473397 j:35 i:29;  NP 0.0282563 AP1 0.0041797 j:36 i:16;  NP 0.249413 AP1 0.181754 j:37 i:16;  NP 0.0101284 AP1 0.285714 j:38 i:66;  NP 0.0887791 AP1 0.181754 j:39 i:16;  NP 0.851655 AP1 0.0053697 j:40 i:1;  NP 0.927572 AP1 0.00402103 j:41 i:16;  NP 0.0282563 AP1 0.181754 j:42 i:16;  NP 0.988766 AP1 0.181754 j:43 i:16;  NP 0.0549595 AP1 0.00344221 j:44 i:36;  NP 0.0115546 AP1 0.00589166 j:45 i:27;  NP 0.00866594 AP1 0.285714 j:46 i:77;  NP 0.0477527 AP1 0.151101 j:47 i:27;  NP 0.007175 AP1 0.0103846 j:48 i:24;  NP 8.52042e-06 AP1 0.285714 j:49 i:74;  NP 8.5486e-06 AP1 0.285714 j:50 i:74;  NP 0.0101284 AP1 0.285714 j:51 i:74;  NP 0.0172212 AP1 0.00525822 j:52 i:35;  NP 0.851655 AP1 0.00301219 j:53 i:1;  NP 8.5693e-06 AP1 0.00293867 j:54 i:49;  NP 0.000117344 AP1 0.0123784 j:55 i:40;  NP 8.58127e-06 AP1 0.0047893 j:56 i:49;  NP 0.015769 AP1 0.0041923 j:57 i:24;  NP 0.0477527 AP1 0.0244618 j:58 i:21;  NP 0.007175 AP1 0.0135088 j:59 i:24;  NP 8.5803e-06 AP1 0.00338431 j:60 i:49;  NP 0.032781 AP1 0.00526056 j:61 i:30;  NP 8.57998e-06 AP1 0.00394189 j:62 i:49;  NP 0.0304874 AP1 0.00526056 j:63 i:30;  NP 0.851655 AP1 0.00319406 j:64 i:1;  NP 0.0013914 AP1 0.00628325 j:65 i:7;  NP 0.851655 AP1 0.0559249 j:66 i:1;  NP 8.55372e-06 AP1 0.00296653 j:67 i:45;  NP 0.851655 AP1 0.00294189 j:68 i:1;  NP 8.36636e-06 AP1 0.00293867 j:69 i:49;  NP 0.851655 AP1 0.00314941 j:70 i:1;  NP 6.9931e-06 AP1 0.00293867 j:71 i:49;  NP 0.0202589 AP1 0.00305615 j:72 i:6;  NP 0.032781 AP1 0.00354592 j:73 i:30;  NP 5.55811e-06 AP1 0.00394189 j:74 i:49;  NP 5.48479e-06 AP1 0.279625 j:75 i:49;  NP 0.00146316 AP1 0.279625 j:76 i:49;  NP 0.994644 AP1 0.00424353 j:77 i:22;  NP 0.12207 AP1 0.0260244 j:78 i:24;  NP 0.0308086 AP1 0.0244618 j:79 i:21;  NP 0.965104 AP1 0.250365 j:80 i:22;  NP 0.0917685 AP1 0.00415996 j:81 i:39;  NP 0.971486 AP1 0.00325025 j:82 i:22;  NP 0.955247 AP1 0.240037 j:83 i:22;  NP 0.164092 AP1 0.0113709 j:84 i:28;  NP 0.0893859 AP1 0.177927 j:85 i:28;  NP 0.999894 AP1 0.177927 j:86 i:28;  NP 0.0893859 AP1 0.177927 j:87 i:28;  NP 0.999943 AP1 0.177927 j:88 i:28;  NP 0.999889 AP1 0.177927 j:89 i:28;  NP 0.00246214 AP1 0.0283522 j:90 i:24;  NP 0.235039 AP1 0.0260532 j:91 i:26;  NP 0.964293 AP1 0.0159396 j:92 i:28;  NP 0.388245 AP1 0.177927 j:93 i:28;  NP 0.86296 AP1 0.177927 j:94 i:28;  NP 0.474771 AP1 0.0226457 j:95 i:25;  NP 0.00286739 AP1 0.012702 j:96 i:22;  NP 0.123408 AP1 0.0280588 j:97 i:20;  NP 0.0350192 AP1 0.0159229 j:98 i:22;  NP 0.00246214 AP1 0.00673394 AP2 0.475679 j:99 i:30;  
#centers(pre/hillclimbed/real): 1 1 1  #al: 3825.73 #alsophisticatedcountcollection: 0 #hcsteps: 0
#peggingImprovements: 0
#centers(pre/hillclimbed/real): 1 1 1  #al: 3920.33 #alsophisticatedcountcollection: 0 #hcsteps: 0
#peggingImprovements: 0
#centers(pre/hillclimbed/real): 1 1 1  #al: 3781.01 #alsophisticatedcountcollection: 0 #hcsteps: 0
#peggingImprovements: 0
#centers(pre/hillclimbed/real): 1 1 1  #al: 3784.19 #alsophisticatedcountcollection: 0 #hcsteps: 0
#peggingImprovements: 0
#centers(pre/hillclimbed/real): 0.999694 0.999694 0.999694  #al: 3739.32 #alsophisticatedcountcollection: 0 #hcsteps: 0
#peggingImprovements: 0
#centers(pre/hillclimbed/real): 0.999669 0.999669 0.999669  #al: 3947.47 #alsophisticatedcountcollection: 0 #hcsteps: 0
#peggingImprovements: 0
#centers(pre/hillclimbed/real): 1 1 1  #al: 3763.81 #alsophisticatedcountcollection: 0 #hcsteps: 0
#peggingImprovements: 0
#centers(pre/hillclimbed/real): 0.999679 0.999679 0.999679  #al: 3829.76 #alsophisticatedcountcollection: 0 #hcsteps: 0
#peggingImprovements: 0
#centers(pre/hillclimbed/real): 1 1 1  #al: 3866.93 #alsophisticatedcountcollection: 0 #hcsteps: 0
#peggingImprovements: 0
#centers(pre/hillclimbed/real): 0.999673 0.999673 0.999673  #al: 3968.05 #alsophisticatedcountcollection: 0 #hcsteps: 0
#peggingImprovements: 0
#centers(pre/hillclimbed/real): 1 1 1  #al: 3866.81 #alsophisticatedcountcollection: 0 #hcsteps: 0
#peggingImprovements: 0
#centers(pre/hillclimbed/real): 1 1 1  #al: 3911.97 #alsophisticatedcountcollection: 0 #hcsteps: 0
#peggingImprovements: 0
#centers(pre/hillclimbed/real): 1 1 1  #al: 3978.57 #alsophisticatedcountcollection: 0 #hcsteps: 0
#peggingImprovements: 0
#centers(pre/hillclimbed/real): 1 1 1  #al: 3895.03 #alsophisticatedcountcollection: 0 #hcsteps: 0
#peggingImprovements: 0
#centers(pre/hillclimbed/real): 1 1 1  #al: 3943.17 #alsophisticatedcountcollection: 0 #hcsteps: 0
#peggingImprovements: 0
#centers(pre/hillclimbed/real): 1 1 1  #al: 3904.7 #alsophisticatedcountcollection: 0 #hcsteps: 0
#peggingImprovements: 0
A/D table contains 463267 parameters.
A/D table contains 433048 parameters.
p0_count is 1.55775e+06 and p1 is 335380; p0 is 0.822844 p1: 0.177156
THTo3: TRAIN CROSS-ENTROPY 4.57821 PERPLEXITY 23.888
THTo3: (1) TRAIN VITERBI CROSS-ENTROPY 4.64841 PERPLEXITY 25.0791

THTo3 Viterbi Iteration : 1 took: 297 seconds

---------------------
Model3: Iteration 2
#centers(pre/hillclimbed/real): 1 1 1  #al: 3817.48 #alsophisticatedcountcollection: 0 #hcsteps: 8.04584
#peggingImprovements: 0
#centers(pre/hillclimbed/real): 1 1 1  #al: 3855.23 #alsophisticatedcountcollection: 0 #hcsteps: 8.00743
#peggingImprovements: 0
#centers(pre/hillclimbed/real): 1 1 1  #al: 3992.45 #alsophisticatedcountcollection: 0 #hcsteps: 8.27234
#peggingImprovements: 0
#centers(pre/hillclimbed/real): 1 1 1  #al: 3919.6 #alsophisticatedcountcollection: 0 #hcsteps: 8.12145
#peggingImprovements: 0
#centers(pre/hillclimbed/real): 1 1 1  #al: 3685.59 #alsophisticatedcountcollection: 0 #hcsteps: 7.87686
#peggingImprovements: 0
#centers(pre/hillclimbed/real): 1 1 1  #al: 3868.62 #alsophisticatedcountcollection: 0 #hcsteps: 8.12031
#peggingImprovements: 0
#centers(pre/hillclimbed/real): 1 1 1  #al: 3862.36 #alsophisticatedcountcollection: 0 #hcsteps: 8.0469
#peggingImprovements: 0
#centers(pre/hillclimbed/real): 1 1 1  #al: 3721.62 #alsophisticatedcountcollection: 0 #hcsteps: 7.83891
#peggingImprovements: 0
#centers(pre/hillclimbed/real): 1 1 1  #al: 3887.09 #alsophisticatedcountcollection: 0 #hcsteps: 8.1134
#peggingImprovements: 0
#centers(pre/hillclimbed/real): 1 1 1  #al: 3863.15 #alsophisticatedcountcollection: 0 #hcsteps: 8.01946
#peggingImprovements: 0
#centers(pre/hillclimbed/real): 1 1 1  #al: 3845.21 #alsophisticatedcountcollection: 0 #hcsteps: 7.94027
#peggingImprovements: 0
#centers(pre/hillclimbed/real): 1 1 1  #al: 3833.87 #alsophisticatedcountcollection: 0 #hcsteps: 8.06883
#peggingImprovements: 0
#centers(pre/hillclimbed/real): 1 1 1  #al: 3946.3 #alsophisticatedcountcollection: 0 #hcsteps: 8.17478
#peggingImprovements: 0
#centers(pre/hillclimbed/real): 1 1 1  #al: 3938.69 #alsophisticatedcountcollection: 0 #hcsteps: 8.11209
#peggingImprovements: 0
#centers(pre/hillclimbed/real): 1 1 1  #al: 3877.73 #alsophisticatedcountcollection: 0 #hcsteps: 8.03034
#peggingImprovements: 0
#centers(pre/hillclimbed/real): 1 1 1  #al: 3991.78 #alsophisticatedcountcollection: 0 #hcsteps: 8.10215
#peggingImprovements: 0
A/D table contains 466123 parameters.
A/D table contains 433050 parameters.
p0_count is 1.44067e+06 and p1 is 394116; p0 is 0.785198 p1: 0.214802
Model3: TRAIN CROSS-ENTROPY 5.98268 PERPLEXITY 63.2364
Model3: (2) TRAIN VITERBI CROSS-ENTROPY 6.06446 PERPLEXITY 66.9244

Model3 Viterbi Iteration : 2 took: 293 seconds

---------------------
Model3: Iteration 3
#centers(pre/hillclimbed/real): 1 1 1  #al: 3854.72 #alsophisticatedcountcollection: 0 #hcsteps: 7.78898
#peggingImprovements: 0
#centers(pre/hillclimbed/real): 1 1 1  #al: 3791.53 #alsophisticatedcountcollection: 0 #hcsteps: 7.68175
#peggingImprovements: 0
#centers(pre/hillclimbed/real): 1 1 1  #al: 3828.36 #alsophisticatedcountcollection: 0 #hcsteps: 7.80414
#peggingImprovements: 0
#centers(pre/hillclimbed/real): 1 1 1  #al: 3766.17 #alsophisticatedcountcollection: 0 #hcsteps: 7.50791
#peggingImprovements: 0
#centers(pre/hillclimbed/real): 1 1 1  #al: 4036.46 #alsophisticatedcountcollection: 0 #hcsteps: 8.04486
#peggingImprovements: 0
#centers(pre/hillclimbed/real): 1 1 1  #al: 3873.2 #alsophisticatedcountcollection: 0 #hcsteps: 7.79118
#peggingImprovements: 0
#centers(pre/hillclimbed/real): 1 1 1  #al: 3835.13 #alsophisticatedcountcollection: 0 #hcsteps: 7.62377
#peggingImprovements: 0
#centers(pre/hillclimbed/real): 1 1 1  #al: 3890.12 #alsophisticatedcountcollection: 0 #hcsteps: 7.68462
#peggingImprovements: 0
#centers(pre/hillclimbed/real): 1 1 1  #al: 3813.96 #alsophisticatedcountcollection: 0 #hcsteps: 7.7095
#peggingImprovements: 0
#centers(pre/hillclimbed/real): 1 1 1  #al: 3911.65 #alsophisticatedcountcollection: 0 #hcsteps: 7.78353
#peggingImprovements: 0
#centers(pre/hillclimbed/real): 1 1 1  #al: 3912.17 #alsophisticatedcountcollection: 0 #hcsteps: 7.71085
#peggingImprovements: 0
#centers(pre/hillclimbed/real): 1 1 1  #al: 3990.75 #alsophisticatedcountcollection: 0 #hcsteps: 7.82735
#peggingImprovements: 0
#centers(pre/hillclimbed/real): 1 1 1  #al: 3834.72 #alsophisticatedcountcollection: 0 #hcsteps: 7.74471
#peggingImprovements: 0
#centers(pre/hillclimbed/real): 1 1 1  #al: 3775.58 #alsophisticatedcountcollection: 0 #hcsteps: 7.67634
#peggingImprovements: 0
#centers(pre/hillclimbed/real): 1 1 1  #al: 3985.79 #alsophisticatedcountcollection: 0 #hcsteps: 7.93177
#peggingImprovements: 0
#centers(pre/hillclimbed/real): 1 1 1  #al: 3784.73 #alsophisticatedcountcollection: 0 #hcsteps: 7.54743
#peggingImprovements: 0
A/D table contains 466123 parameters.
A/D table contains 433050 parameters.
p0_count is 1.41278e+06 and p1 is 408061; p0 is 0.775894 p1: 0.224106
Model3: TRAIN CROSS-ENTROPY 5.80303 PERPLEXITY 55.8325
Model3: (3) TRAIN VITERBI CROSS-ENTROPY 5.88255 PERPLEXITY 58.9961

Model3 Viterbi Iteration : 3 took: 293 seconds

---------------------
Model3: Iteration 4
#centers(pre/hillclimbed/real): 1 1 1  #al: 3727.26 #alsophisticatedcountcollection: 0 #hcsteps: 7.45065
#peggingImprovements: 0
#centers(pre/hillclimbed/real): 1 1 1  #al: 3866.08 #alsophisticatedcountcollection: 0 #hcsteps: 7.50922
#peggingImprovements: 0
#centers(pre/hillclimbed/real): 1 1 1  #al: 3868.12 #alsophisticatedcountcollection: 0 #hcsteps: 7.65731
#peggingImprovements: 0
#centers(pre/hillclimbed/real): 1 1 1  #al: 3895.96 #alsophisticatedcountcollection: 0 #hcsteps: 7.65509
#peggingImprovements: 0
#centers(pre/hillclimbed/real): 1 1 1  #al: 3836.2 #alsophisticatedcountcollection: 0 #hcsteps: 7.53401
#peggingImprovements: 0
#centers(pre/hillclimbed/real): 1 1 1  #al: 3741.4 #alsophisticatedcountcollection: 0 #hcsteps: 7.36248
#peggingImprovements: 0
#centers(pre/hillclimbed/real): 1 1 1  #al: 3800.56 #alsophisticatedcountcollection: 0 #hcsteps: 7.48254
#peggingImprovements: 0
#centers(pre/hillclimbed/real): 1 1 1  #al: 3926.91 #alsophisticatedcountcollection: 0 #hcsteps: 7.65882
#peggingImprovements: 0
#centers(pre/hillclimbed/real): 1 1 1  #al: 3814.96 #alsophisticatedcountcollection: 0 #hcsteps: 7.53147
#peggingImprovements: 0
#centers(pre/hillclimbed/real): 1 1 1  #al: 3952.15 #alsophisticatedcountcollection: 0 #hcsteps: 7.68455
#peggingImprovements: 0
#centers(pre/hillclimbed/real): 1 1 1  #al: 3921.02 #alsophisticatedcountcollection: 0 #hcsteps: 7.7166
#peggingImprovements: 0
#centers(pre/hillclimbed/real): 1 1 1  #al: 3849.07 #alsophisticatedcountcollection: 0 #hcsteps: 7.61268
#peggingImprovements: 0
#centers(pre/hillclimbed/real): 1 1 1  #al: 3914 #alsophisticatedcountcollection: 0 #hcsteps: 7.70343
#peggingImprovements: 0
#centers(pre/hillclimbed/real): 1 1 1  #al: 3986.19 #alsophisticatedcountcollection: 0 #hcsteps: 7.7223
#peggingImprovements: 0
#centers(pre/hillclimbed/real): 1 1 1  #al: 3932.87 #alsophisticatedcountcollection: 0 #hcsteps: 7.64925
#peggingImprovements: 0
#centers(pre/hillclimbed/real): 1 1 1  #al: 3832.3 #alsophisticatedcountcollection: 0 #hcsteps: 7.51479
#peggingImprovements: 0
A/D table contains 466123 parameters.
A/D table contains 433050 parameters.
p0_count is 1.40176e+06 and p1 is 413570; p0 is 0.772179 p1: 0.227821
Model3: TRAIN CROSS-ENTROPY 5.76435 PERPLEXITY 54.3554
Model3: (4) TRAIN VITERBI CROSS-ENTROPY 5.84381 PERPLEXITY 57.433

Model3 Viterbi Iteration : 4 took: 294 seconds

---------------------
Model3: Iteration 5
#centers(pre/hillclimbed/real): 1 1 1  #al: 3728.06 #alsophisticatedcountcollection: 0 #hcsteps: 7.32731
#peggingImprovements: 0
#centers(pre/hillclimbed/real): 1 1 1  #al: 3864.52 #alsophisticatedcountcollection: 0 #hcsteps: 7.42582
#peggingImprovements: 0
#centers(pre/hillclimbed/real): 1 1 1  #al: 3882.45 #alsophisticatedcountcollection: 0 #hcsteps: 7.47305
#peggingImprovements: 0
#centers(pre/hillclimbed/real): 1 1 1  #al: 3810.72 #alsophisticatedcountcollection: 0 #hcsteps: 7.37194
#peggingImprovements: 0
#centers(pre/hillclimbed/real): 1 1 1  #al: 3873.23 #alsophisticatedcountcollection: 0 #hcsteps: 7.43778
#peggingImprovements: 0
#centers(pre/hillclimbed/real): 1 1 1  #al: 3859.54 #alsophisticatedcountcollection: 0 #hcsteps: 7.41323
#peggingImprovements: 0
#centers(pre/hillclimbed/real): 1 1 1  #al: 3831.66 #alsophisticatedcountcollection: 0 #hcsteps: 7.49873
#peggingImprovements: 0
#centers(pre/hillclimbed/real): 1 1 1  #al: 3869.98 #alsophisticatedcountcollection: 0 #hcsteps: 7.48006
#peggingImprovements: 0
#centers(pre/hillclimbed/real): 1 1 1  #al: 3726.84 #alsophisticatedcountcollection: 0 #hcsteps: 7.25131
#peggingImprovements: 0
#centers(pre/hillclimbed/real): 1 1 1  #al: 3826.9 #alsophisticatedcountcollection: 0 #hcsteps: 7.47348
#peggingImprovements: 0
#centers(pre/hillclimbed/real): 1 1 1  #al: 3917.46 #alsophisticatedcountcollection: 0 #hcsteps: 7.57569
#peggingImprovements: 0
#centers(pre/hillclimbed/real): 1 1 1  #al: 4089.86 #alsophisticatedcountcollection: 0 #hcsteps: 7.78406
#peggingImprovements: 0
#centers(pre/hillclimbed/real): 1 1 1  #al: 3885.3 #alsophisticatedcountcollection: 0 #hcsteps: 7.48855
#peggingImprovements: 0
#centers(pre/hillclimbed/real): 1 1 1  #al: 3830.26 #alsophisticatedcountcollection: 0 #hcsteps: 7.41801
#peggingImprovements: 0
#centers(pre/hillclimbed/real): 1 1 1  #al: 4016.99 #alsophisticatedcountcollection: 0 #hcsteps: 7.71746
#peggingImprovements: 0
#centers(pre/hillclimbed/real): 1 1 1  #al: 3859.44 #alsophisticatedcountcollection: 0 #hcsteps: 7.4911
#peggingImprovements: 0
A/D table contains 466123 parameters.
A/D table contains 433050 parameters.
p0_count is 1.3961e+06 and p1 is 416401; p0 is 0.770261 p1: 0.229739
Model3: TRAIN CROSS-ENTROPY 5.74734 PERPLEXITY 53.7182
Model3: (5) TRAIN VITERBI CROSS-ENTROPY 5.82632 PERPLEXITY 56.7411

Model3 Viterbi Iteration : 5 took: 293 seconds

---------------------
T3To4: Iteration 6
#centers(pre/hillclimbed/real): 1 1 1  #al: 3797.54 #alsophisticatedcountcollection: 1146.65 #hcsteps: 7.33232
#peggingImprovements: 0
#centers(pre/hillclimbed/real): 1 1 1  #al: 3953.33 #alsophisticatedcountcollection: 1247.31 #hcsteps: 7.56346
#peggingImprovements: 0
#centers(pre/hillclimbed/real): 1 1 1  #al: 3704.98 #alsophisticatedcountcollection: 1168.18 #hcsteps: 7.229
#peggingImprovements: 0
#centers(pre/hillclimbed/real): 1 1 1  #al: 3919.21 #alsophisticatedcountcollection: 1208.81 #hcsteps: 7.58339
#peggingImprovements: 0
#centers(pre/hillclimbed/real): 1 1 1  #al: 3782.28 #alsophisticatedcountcollection: 1159.91 #hcsteps: 7.30769
#peggingImprovements: 0
#centers(pre/hillclimbed/real): 1 1 1  #al: 3929.93 #alsophisticatedcountcollection: 1243.29 #hcsteps: 7.50132
#peggingImprovements: 0
#centers(pre/hillclimbed/real): 1 1 1  #al: 3848.25 #alsophisticatedcountcollection: 1184.85 #hcsteps: 7.40549
#peggingImprovements: 0
#centers(pre/hillclimbed/real): #centers(pre/hillclimbed/real): 1 1 1  #al: 1 1 1  #al: 3880.62 #alsophisticatedcountcollection: 3768.18 #alsophisticatedcountcollection: 1156.91 #hcsteps: 1232.47 #hcsteps: 7.27203
#peggingImprovements: 0
7.54644
#peggingImprovements: 0
#centers(pre/hillclimbed/real): 1 1 1  #al: 3792.74 #alsophisticatedcountcollection: 1206.74 #hcsteps: 7.23104
#peggingImprovements: 0
#centers(pre/hillclimbed/real): 1 1 1  #al: 3758.71 #alsophisticatedcountcollection: 1129.8 #hcsteps: 7.19826
#peggingImprovements: 0
#centers(pre/hillclimbed/real): 1 1 1  #al: 3994.16 #alsophisticatedcountcollection: 1217.14 #hcsteps: 7.66559
#peggingImprovements: 0
#centers(pre/hillclimbed/real): 1 1 1  #al: 4093.84 #alsophisticatedcountcollection: 1316.61 #hcsteps: 7.84437
#peggingImprovements: 0
#centers(pre/hillclimbed/real): 1 1 1  #al: 3924.79 #alsophisticatedcountcollection: 1222.47 #hcsteps: 7.40872
#peggingImprovements: 0
#centers(pre/hillclimbed/real): 1 1 1  #al: 3824.22 #alsophisticatedcountcollection: 1198.72 #hcsteps: 7.34397
#peggingImprovements: 0
#centers(pre/hillclimbed/real): 1 1 1  #al: 3910.28 #alsophisticatedcountcollection: 1215 #hcsteps: 7.48706
#peggingImprovements: 0
D4 table contains 885080 parameters.
A/D table contains 466123 parameters.
A/D table contains 433050 parameters.
p0_count is 1.39308e+06 and p1 is 417909; p0 is 0.769238 p1: 0.230763
T3To4: TRAIN CROSS-ENTROPY 5.7393 PERPLEXITY 53.4196
T3To4: (6) TRAIN VITERBI CROSS-ENTROPY 5.81789 PERPLEXITY 56.4102

T3To4 Viterbi Iteration : 6 took: 335 seconds

---------------------
Model4: Iteration 7
#centers(pre/hillclimbed/real): 1 1 1  #al: 3827.99 #alsophisticatedcountcollection: 747.764 #hcsteps: 4.28558
#peggingImprovements: 0
#centers(pre/hillclimbed/real): 1 1 1  #al: 3915.35 #alsophisticatedcountcollection: 776.391 #hcsteps: 4.50507
#peggingImprovements: 0
#centers(pre/hillclimbed/real): 1 1 1  #al: 3886.06 #alsophisticatedcountcollection: 764.468 #hcsteps: 4.47924
#peggingImprovements: 0
#centers(pre/hillclimbed/real): 1 1 1  #al: 3694.86 #alsophisticatedcountcollection: 715.222 #hcsteps: 4.39777
#peggingImprovements: 0
#centers(pre/hillclimbed/real): 1 1 1  #al: 3805.17 #alsophisticatedcountcollection: 755.261 #hcsteps: 4.49157
#peggingImprovements: 0
#centers(pre/hillclimbed/real): 1 1 1  #al: 4026.5 #alsophisticatedcountcollection: 802.194 #hcsteps: 4.50084
#peggingImprovements: 0
#centers(pre/hillclimbed/real): 1 1 1  #al: 3879.41 #alsophisticatedcountcollection: 761.082 #hcsteps: 4.37136
#peggingImprovements: 0
D4 table contains 885080 parameters.
#centers(pre/hillclimbed/real): 1 1 1  #al: 3931.64 #alsophisticatedcountcollection: 785.532 #hcsteps: 4.52745
#peggingImprovements: 0
#centers(pre/hillclimbed/real): 1 1 1  #al: 3884.81 #alsophisticatedcountcollection: 769.77 #hcsteps: 4.47797
#peggingImprovements: 0
#centers(pre/hillclimbed/real): 1 1 1  #al: 3934.99 #alsophisticatedcountcollection: 780.149 #hcsteps: 4.47586
#peggingImprovements: 0
#centers(pre/hillclimbed/real): 1 1 1  #al: 3814.33 #alsophisticatedcountcollection: 725.602 #hcsteps: 4.29047
#peggingImprovements: 0
#centers(pre/hillclimbed/real): 1 1 1  #al: 3706.53 #alsophisticatedcountcollection: 731.187 #hcsteps: 4.38966
#peggingImprovements: 0
#centers(pre/hillclimbed/real): 1 1 1  #al: 3860.2 #alsophisticatedcountcollection: 756.816 #hcsteps: 4.41191
#peggingImprovements: 0
#centers(pre/hillclimbed/real): 1 1 1  #al: 3818.25 #alsophisticatedcountcollection: 756.658 #hcsteps: 4.40892
#peggingImprovements: 0
#centers(pre/hillclimbed/real): 1 1 1  #al: 3914.89 #alsophisticatedcountcollection: 768.404 #hcsteps: 4.45246
#peggingImprovements: 0
#centers(pre/hillclimbed/real): 1 1 1  #al: 3971.17 #alsophisticatedcountcollection: 776.95 #hcsteps: 4.41498
#peggingImprovements: 0
A/D table contains 466123 parameters.
A/D table contains 433152 parameters.
p0_count is 1.39746e+06 and p1 is 415720; p0 is 0.770724 p1: 0.229276
Model4: TRAIN CROSS-ENTROPY 4.84995 PERPLEXITY 28.839
Model4: (7) TRAIN VITERBI CROSS-ENTROPY 4.91606 PERPLEXITY 30.1912

Model4 Viterbi Iteration : 7 took: 374 seconds

---------------------
Model4: Iteration 8
#centers(pre/hillclimbed/real): 1 1 1  #al: 3900.61 #alsophisticatedcountcollection: 661.012 #hcsteps: 4.10425
#peggingImprovements: 0
#centers(pre/hillclimbed/real): 1 1 1  #al: 3817.1 #alsophisticatedcountcollection: 636.237 #hcsteps: 4.09034
#peggingImprovements: 0
#centers(pre/hillclimbed/real): 1 1 1  #al: 3959.71 #alsophisticatedcountcollection: 671.97 #hcsteps: 4.09442
#peggingImprovements: 0
#centers(pre/hillclimbed/real): 1 1 1  #al: 3818.84 #alsophisticatedcountcollection: 639.088 #hcsteps: 4.10706
#peggingImprovements: 0
#centers(pre/hillclimbed/real): 1 1 1  #al: 3876.99 #alsophisticatedcountcollection: 659.376 #hcsteps: 4.08779
#peggingImprovements: 0
D4 table contains 885080 parameters.
#centers(pre/hillclimbed/real): 1 1 1  #al: 3888.77 #alsophisticatedcountcollection: 655.82 #hcsteps: 4.16624
#peggingImprovements: 0
#centers(pre/hillclimbed/real): 1 1 1  #al: 3966.84 #alsophisticatedcountcollection: 678.103 #hcsteps: 4.12858
#peggingImprovements: 0
#centers(pre/hillclimbed/real): 1 1 1  #al: 3842.82 #alsophisticatedcountcollection: 648.941 #hcsteps: 4.09755
#peggingImprovements: 0
#centers(pre/hillclimbed/real): 1 1 1  #al: 3744.33 #alsophisticatedcountcollection: 616.179 #hcsteps: 4.0339
#peggingImprovements: 0
#centers(pre/hillclimbed/real): 1 1 1  #al: 3896.78 #alsophisticatedcountcollection: 669.929 #hcsteps: 4.22277
#peggingImprovements: 0
#centers(pre/hillclimbed/real): 1 1 1  #al: 3858.88 #alsophisticatedcountcollection: 646.538 #hcsteps: 4.09019
#peggingImprovements: 0
#centers(pre/hillclimbed/real): 1 1 1  #al: 3757.33 #alsophisticatedcountcollection: 623.964 #hcsteps: 3.97058
#peggingImprovements: 0
#centers(pre/hillclimbed/real): 1 1 1  #al: 3848.64 #alsophisticatedcountcollection: 649.856 #hcsteps: 4.09959
#peggingImprovements: 0
#centers(pre/hillclimbed/real): 1 1 1  #al: 4104.01 #alsophisticatedcountcollection: 698.497 #hcsteps: 4.22847
#peggingImprovements: 0
#centers(pre/hillclimbed/real): 1 1 1  #al: 3771.64 #alsophisticatedcountcollection: 630.576 #hcsteps: 4.03252
#peggingImprovements: 0
#centers(pre/hillclimbed/real): 1 1 1  #al: 3828.62 #alsophisticatedcountcollection: 647.833 #hcsteps: 4.07922
#peggingImprovements: 0
A/D table contains 466123 parameters.
A/D table contains 433161 parameters.
p0_count is 1.40365e+06 and p1 is 412627; p0 is 0.772816 p1: 0.227184
Model4: TRAIN CROSS-ENTROPY 4.63332 PERPLEXITY 24.8181
Model4: (8) TRAIN VITERBI CROSS-ENTROPY 4.6969 PERPLEXITY 25.9363

Model4 Viterbi Iteration : 8 took: 362 seconds

---------------------
Model4: Iteration 9
#centers(pre/hillclimbed/real): 1 1 1  #al: 3895.73 #alsophisticatedcountcollection: 664.103 #hcsteps: 4.09112
#peggingImprovements: 0
#centers(pre/hillclimbed/real): 1 1 1  #al: 3873.82 #alsophisticatedcountcollection: 654.736 #hcsteps: 3.98011
#peggingImprovements: 0
#centers(pre/hillclimbed/real): 1 1 1  #al: 3818.96 #alsophisticatedcountcollection: 644.21 #hcsteps: 3.9476
#peggingImprovements: 0
#centers(pre/hillclimbed/real): 1 1 1  #al: 3915.19 #alsophisticatedcountcollection: 670.255 #hcsteps: 4.05944
#peggingImprovements: 0
#centers(pre/hillclimbed/real): 1 1 1  #al: 3883.1 #alsophisticatedcountcollection: 650.009 #hcsteps: 4.04618
#peggingImprovements: 0
#centers(pre/hillclimbed/real): 1 1 1  #al: 3848.68 #alsophisticatedcountcollection: 646.32 #hcsteps: 4.05763
#peggingImprovements: 0
#centers(pre/hillclimbed/real): 1 1 1  #al: 3772.74 #alsophisticatedcountcollection: 632.539 #hcsteps: 3.94236
#peggingImprovements: 0
#centers(pre/hillclimbed/real): 1 1 1  #al: 3831.64 #alsophisticatedcountcollection: 648.243 #hcsteps: 3.96348
#peggingImprovements: 0
#centers(pre/hillclimbed/real): 1 1 1  #al: 4000.52 #alsophisticatedcountcollection: 677.976 #hcsteps: 4.01063
#peggingImprovements: 0
#centers(pre/hillclimbed/real): 1 1 1  #al: 4096.19 #alsophisticatedcountcollection: 696.492 #hcsteps: 4.13715
#peggingImprovements: 0
#centers(pre/hillclimbed/real): 1 1 1  #al: 3853.91 #alsophisticatedcountcollection: 646.648 #hcsteps: 3.96642
#peggingImprovements: 0
D4 table contains 885080 parameters.
#centers(pre/hillclimbed/real): 1 1 1  #al: 3703.83 #alsophisticatedcountcollection: 624.126 #hcsteps: 4.00795
#peggingImprovements: 0
#centers(pre/hillclimbed/real): 1 1 1  #al: 3706.93 #alsophisticatedcountcollection: 612.014 #hcsteps: 3.91667
#peggingImprovements: 0
#centers(pre/hillclimbed/real): 1 1 1  #al: 3806.18 #alsophisticatedcountcollection: 638.846 #hcsteps: 4.08385
#peggingImprovements: 0
#centers(pre/hillclimbed/real): 1 1 1  #al: 4029.82 #alsophisticatedcountcollection: 695.192 #hcsteps: 4.07967
#peggingImprovements: 0
#centers(pre/hillclimbed/real): 1 1 1  #al: 3863.16 #alsophisticatedcountcollection: 662.715 #hcsteps: 4.16196
#peggingImprovements: 0
A/D table contains 466123 parameters.
A/D table contains 433223 parameters.
p0_count is 1.40759e+06 and p1 is 410656; p0 is 0.774147 p1: 0.225853
Model4: TRAIN CROSS-ENTROPY 4.59303 PERPLEXITY 24.1346
Model4: (9) TRAIN VITERBI CROSS-ENTROPY 4.65523 PERPLEXITY 25.1979

Model4 Viterbi Iteration : 9 took: 360 seconds

---------------------
Model4: Iteration 10
I will write alignment to 113-11-29.023846.admin.A3.final.part1
I will write alignment to 113-11-29.023846.admin.A3.final.part4
I will write alignment to 113-11-29.023846.admin.A3.final.part3
I will write alignment to 113-11-29.023846.admin.A3.final.part2
I will write alignment to 113-11-29.023846.admin.A3.final.part5
I will write alignment to 113-11-29.023846.admin.A3.final.part6
I will write alignment to 113-11-29.023846.admin.A3.final.part7
I will write alignment to 113-11-29.023846.admin.A3.final.part8
I will write alignment to 113-11-29.023846.admin.A3.final.part9
I will write alignment to 113-11-29.023846.admin.A3.final.part:
I will write alignment to 113-11-29.023846.admin.A3.final.part;
I will write alignment to 113-11-29.023846.admin.A3.final.part<
I will write alignment to 113-11-29.023846.admin.A3.final.part=
I will write alignment to 113-11-29.023846.admin.A3.final.part>
I will write alignment to 113-11-29.023846.admin.A3.final.part0
I will write alignment to 113-11-29.023846.admin.A3.final.part?
#centers(pre/hillclimbed/real): 1 1 1  #al: 3908.9 #alsophisticatedcountcollection: 651.078 #hcsteps: 3.9475
#peggingImprovements: 0
#centers(pre/hillclimbed/real): 1 1 1  #al: 3778.3 #alsophisticatedcountcollection: 636.309 #hcsteps: 3.89459
#peggingImprovements: 0
#centers(pre/hillclimbed/real): 1 1 1  #al: 3934.01 #alsophisticatedcountcollection: 678.299 #hcsteps: 3.99171
#peggingImprovements: 0
#centers(pre/hillclimbed/real): 1 1 1  #al: 3888.8 #alsophisticatedcountcollection: 649.677 #hcsteps: 3.91365
#peggingImprovements: 0
#centers(pre/hillclimbed/real): 1 1 1  #al: 3807.92 #alsophisticatedcountcollection: 636.166 #hcsteps: 3.93006
#peggingImprovements: 0
D4 table contains 885080 parameters.
#centers(pre/hillclimbed/real): 1 1 1  #al: 3838.7 #alsophisticatedcountcollection: 651.387 #hcsteps: 3.95258
#peggingImprovements: 0
#centers(pre/hillclimbed/real): 1 1 1  #al: 3740.58 #alsophisticatedcountcollection: 634.653 #hcsteps: 3.86636
#peggingImprovements: 0
#centers(pre/hillclimbed/real): 1 1 1  #al: 3892.68 #alsophisticatedcountcollection: 666.299 #hcsteps: 3.96029
#peggingImprovements: 0
#centers(pre/hillclimbed/real): 1 1 1  #al: 4024.97 #alsophisticatedcountcollection: 689.203 #hcsteps: 4.09125
#peggingImprovements: 0
#centers(pre/hillclimbed/real): 1 1 1  #al: 3903.29 #alsophisticatedcountcollection: 659.472 #hcsteps: 3.90496
#peggingImprovements: 0
#centers(pre/hillclimbed/real): 1 1 1  #al: 3852.3 #alsophisticatedcountcollection: 651.305 #hcsteps: 4.04773
#peggingImprovements: 0
#centers(pre/hillclimbed/real): 1 1 1  #al: 3916.19 #alsophisticatedcountcollection: 671.436 #hcsteps: 4.05051
#peggingImprovements: 0
#centers(pre/hillclimbed/real): 1 1 1  #al: 3817.69 #alsophisticatedcountcollection: 649.726 #hcsteps: 3.95208
#peggingImprovements: 0
#centers(pre/hillclimbed/real): 1 1 1  #al: 3818.24 #alsophisticatedcountcollection: 644.221 #hcsteps: 3.92794
#peggingImprovements: 0
#centers(pre/hillclimbed/real): 1 1 1  #al: 3933.43 #alsophisticatedcountcollection: 667.335 #hcsteps: 3.94785
#peggingImprovements: 0
#centers(pre/hillclimbed/real): 1 1 1  #al: 3816.76 #alsophisticatedcountcollection: 649.58 #hcsteps: 3.96066
#peggingImprovements: 0
A/D table contains 466123 parameters.
A/D table contains 433223 parameters.
p0_count is 1.4099e+06 and p1 is 409501; p0 is 0.774925 p1: 0.225075
Model4: TRAIN CROSS-ENTROPY 4.56372 PERPLEXITY 23.6493
Model4: (10) TRAIN VITERBI CROSS-ENTROPY 4.62417 PERPLEXITY 24.6612
Dumping pruned alignment table (a) to file:113-11-29.023846.admin.a3.final
Dumping pruned distortion table (d) to file:113-11-29.023846.admin.d3.final

Model4 Viterbi Iteration : 10 took: 358 seconds
H3333344444 Training Finished at: Fri Nov 29 04:01:18 2013


Entire Viterbi H3333344444 Training took: 3259 seconds
==========================================================
Writing PERPLEXITY report to: 113-11-29.023846.admin.perp
Writing source vocabulary list to : 113-11-29.023846.admin.trn.src.vcb
Writing source vocabulary list to : 113-11-29.023846.admin.trn.trg.vcb
Writing source vocabulary list to : 113-11-29.023846.admin.tst.src.vcb
Writing source vocabulary list to : 113-11-29.023846.admin.tst.trg.vcb

Entire Training took: 4952 seconds
Program Finished at: Fri Nov 29 04:01:18 2013

==========================================================
